Using pre-set license
Built from '2022.3/respin/2022.3.62f2-4af31df585-v2' branch; Version is '2022.3.62f2 (7670c08855a9) revision 7762112'; Using compiler version '192829333'; Build Type 'Release'
OS: 'Windows 10  (10.0.19045) 64bit Professional' Language: 'en' Physical Memory: 32175 MB
BatchMode: 1, IsHumanControllingUs: 0, StartBugReporterOnCrash: 0, Is64bit: 1, IsPro: 1

COMMAND LINE ARGUMENTS:
D:\Unity\2022.3.62f2\Editor\Unity.exe
-adb2
-batchMode
-noUpm
-name
AssetImportWorker0
-projectPath
D:/githubbb/CTIJ
-logFile
Logs/AssetImportWorker0.log
-srvPort
52764
Successfully changed project path to: D:/githubbb/CTIJ
D:/githubbb/CTIJ
[UnityMemory] Configuration Parameters - Can be set up in boot.config
    "memorysetup-bucket-allocator-granularity=16"
    "memorysetup-bucket-allocator-bucket-count=8"
    "memorysetup-bucket-allocator-block-size=33554432"
    "memorysetup-bucket-allocator-block-count=8"
    "memorysetup-main-allocator-block-size=16777216"
    "memorysetup-thread-allocator-block-size=16777216"
    "memorysetup-gfx-main-allocator-block-size=16777216"
    "memorysetup-gfx-thread-allocator-block-size=16777216"
    "memorysetup-cache-allocator-block-size=4194304"
    "memorysetup-typetree-allocator-block-size=2097152"
    "memorysetup-profiler-bucket-allocator-granularity=16"
    "memorysetup-profiler-bucket-allocator-bucket-count=8"
    "memorysetup-profiler-bucket-allocator-block-size=33554432"
    "memorysetup-profiler-bucket-allocator-block-count=8"
    "memorysetup-profiler-allocator-block-size=16777216"
    "memorysetup-profiler-editor-allocator-block-size=1048576"
    "memorysetup-temp-allocator-size-main=16777216"
    "memorysetup-job-temp-allocator-block-size=2097152"
    "memorysetup-job-temp-allocator-block-size-background=1048576"
    "memorysetup-job-temp-allocator-reduction-small-platforms=262144"
    "memorysetup-allocator-temp-initial-block-size-main=262144"
    "memorysetup-allocator-temp-initial-block-size-worker=262144"
    "memorysetup-temp-allocator-size-background-worker=32768"
    "memorysetup-temp-allocator-size-job-worker=262144"
    "memorysetup-temp-allocator-size-preload-manager=33554432"
    "memorysetup-temp-allocator-size-nav-mesh-worker=65536"
    "memorysetup-temp-allocator-size-audio-worker=65536"
    "memorysetup-temp-allocator-size-cloud-worker=32768"
    "memorysetup-temp-allocator-size-gi-baking-worker=262144"
    "memorysetup-temp-allocator-size-gfx=262144"
Player connection [33872]  Target information:

Player connection [33872]  * "[IP] 192.168.56.1 [Port] 0 [Flags] 2 [Guid] 4136935319 [EditorId] 4136935319 [Version] 1048832 [Id] WindowsEditor(7,DESKTOP-J6N3FMM) [Debug] 1 [PackageName] WindowsEditor [ProjectName] Editor" 

Player connection [33872]  * "[IP] 192.168.153.1 [Port] 0 [Flags] 2 [Guid] 4136935319 [EditorId] 4136935319 [Version] 1048832 [Id] WindowsEditor(7,DESKTOP-J6N3FMM) [Debug] 1 [PackageName] WindowsEditor [ProjectName] Editor" 

Player connection [33872]  * "[IP] 192.168.243.1 [Port] 0 [Flags] 2 [Guid] 4136935319 [EditorId] 4136935319 [Version] 1048832 [Id] WindowsEditor(7,DESKTOP-J6N3FMM) [Debug] 1 [PackageName] WindowsEditor [ProjectName] Editor" 

Player connection [33872]  * "[IP] 172.20.10.3 [Port] 0 [Flags] 2 [Guid] 4136935319 [EditorId] 4136935319 [Version] 1048832 [Id] WindowsEditor(7,DESKTOP-J6N3FMM) [Debug] 1 [PackageName] WindowsEditor [ProjectName] Editor" 

Player connection [33872] Host joined multi-casting on [225.0.0.222:54997]...
Player connection [33872] Host joined alternative multi-casting on [225.0.0.222:34997]...
Input System module state changed to: Initialized.
[PhysX] Initialized MultithreadedTaskDispatcher with 16 workers.
Refreshing native plugins compatible for Editor in 26.14 ms, found 4 plugins.
Preloading 0 native plugins for Editor in 0.00 ms.
Initialize engine version: 2022.3.62f2 (7670c08855a9)
[Subsystems] Discovering subsystems at path D:/Unity/2022.3.62f2/Editor/Data/Resources/UnitySubsystems
[Subsystems] Discovering subsystems at path D:/githubbb/CTIJ/Assets
GfxDevice: creating device client; threaded=0; jobified=0
Direct3D:
    Version:  Direct3D 11.0 [level 11.1]
    Renderer: NVIDIA GeForce RTX 3050 Laptop GPU (ID=0x25a2)
    Vendor:   NVIDIA
    VRAM:     3964 MB
    Driver:   32.0.15.8180
Initialize mono
Mono path[0] = 'D:/Unity/2022.3.62f2/Editor/Data/Managed'
Mono path[1] = 'D:/Unity/2022.3.62f2/Editor/Data/MonoBleedingEdge/lib/mono/unityjit-win32'
Mono config path = 'D:/Unity/2022.3.62f2/Editor/Data/MonoBleedingEdge/etc'
Using monoOptions --debugger-agent=transport=dt_socket,embedding=1,server=y,suspend=n,address=127.0.0.1:56604
Begin MonoManager ReloadAssembly
Registering precompiled unity dll's ...
Register platform support module: D:/Unity/2022.3.62f2/Editor/Data/PlaybackEngines/WindowsStandaloneSupport/UnityEditor.WindowsStandalone.Extensions.dll
Registered in 0.005866 seconds.
- Loaded All Assemblies, in  0.422 seconds
Native extension for WindowsStandalone target not found
Mono: successfully reloaded assembly
- Finished resetting the current domain, in  0.305 seconds
Domain Reload Profiling: 727ms
	BeginReloadAssembly (161ms)
		ExecutionOrderSort (0ms)
		DisableScriptedObjects (0ms)
		BackupInstance (0ms)
		ReleaseScriptingObjects (0ms)
		CreateAndSetChildDomain (1ms)
	RebuildCommonClasses (38ms)
	RebuildNativeTypeToScriptingClass (11ms)
	initialDomainReloadingComplete (56ms)
	LoadAllAssembliesAndSetupDomain (154ms)
		LoadAssemblies (161ms)
		RebuildTransferFunctionScriptingTraits (0ms)
		AnalyzeDomain (151ms)
			TypeCache.Refresh (149ms)
				TypeCache.ScanAssembly (136ms)
			ScanForSourceGeneratedMonoScriptInfo (0ms)
			ResolveRequiredComponents (1ms)
	FinalizeReload (305ms)
		ReleaseScriptCaches (0ms)
		RebuildScriptCaches (0ms)
		SetupLoadedEditorAssemblies (241ms)
			LogAssemblyErrors (0ms)
			InitializePlatformSupportModulesInManaged (9ms)
			SetLoadedEditorAssemblies (8ms)
			RefreshPlugins (0ms)
			BeforeProcessingInitializeOnLoad (2ms)
			ProcessInitializeOnLoadAttributes (164ms)
			ProcessInitializeOnLoadMethodAttributes (57ms)
			AfterProcessingInitializeOnLoad (0ms)
			EditorAssembliesLoaded (0ms)
		ExecutionOrderSort2 (0ms)
		AwakeInstancesAfterBackupRestoration (0ms)
========================================================================
Worker process is ready to serve import requests
Caller must complete domain reload
Begin MonoManager ReloadAssembly
- Loaded All Assemblies, in  0.783 seconds
Native extension for WindowsStandalone target not found
Mono: successfully reloaded assembly
- Finished resetting the current domain, in  0.864 seconds
Domain Reload Profiling: 1646ms
	BeginReloadAssembly (231ms)
		ExecutionOrderSort (0ms)
		DisableScriptedObjects (7ms)
		BackupInstance (0ms)
		ReleaseScriptingObjects (0ms)
		CreateAndSetChildDomain (30ms)
	RebuildCommonClasses (39ms)
	RebuildNativeTypeToScriptingClass (13ms)
	initialDomainReloadingComplete (44ms)
	LoadAllAssembliesAndSetupDomain (455ms)
		LoadAssemblies (397ms)
		RebuildTransferFunctionScriptingTraits (0ms)
		AnalyzeDomain (187ms)
			TypeCache.Refresh (154ms)
				TypeCache.ScanAssembly (138ms)
			ScanForSourceGeneratedMonoScriptInfo (26ms)
			ResolveRequiredComponents (6ms)
	FinalizeReload (864ms)
		ReleaseScriptCaches (0ms)
		RebuildScriptCaches (0ms)
		SetupLoadedEditorAssemblies (689ms)
			LogAssemblyErrors (0ms)
			InitializePlatformSupportModulesInManaged (7ms)
			SetLoadedEditorAssemblies (6ms)
			RefreshPlugins (0ms)
			BeforeProcessingInitializeOnLoad (67ms)
			ProcessInitializeOnLoadAttributes (566ms)
			ProcessInitializeOnLoadMethodAttributes (39ms)
			AfterProcessingInitializeOnLoad (4ms)
			EditorAssembliesLoaded (0ms)
		ExecutionOrderSort2 (0ms)
		AwakeInstancesAfterBackupRestoration (10ms)
Launched and connected shader compiler UnityShaderCompiler.exe after 0.08 seconds
Refreshing native plugins compatible for Editor in 8.34 ms, found 4 plugins.
Preloading 0 native plugins for Editor in 0.00 ms.
Unloading 4105 Unused Serialized files (Serialized files now loaded: 0)
Unloading 38 unused Assets / (241.6 KB). Loaded Objects now: 4569.
Memory consumption went from 142.1 MB to 141.9 MB.
Total: 3.979900 ms (FindLiveObjects: 0.343600 ms CreateObjectMapping: 0.133800 ms MarkObjects: 3.260300 ms  DeleteObjects: 0.240800 ms)

AssetImportParameters requested are different than current active one (requested -> active):
  custom:container-demuxer-ogg: 62fdf1f143b41e24485cea50d1cbac27 -> 
  custom:video-decoder-ogg-theora: a1e56fd34408186e4bbccfd4996cb3dc -> 
  custom:framework-win-MediaFoundation: 216162199b28c13a410421893ffa2e32 -> 
  custom:CustomObjectIndexerAttribute: 9a22284fe3817be447336de3de66b15e -> 
  custom:container-demuxer-webm: 4f35f7cbe854078d1ac9338744f61a02 -> 
  custom:container-muxer-webm: aa71ff27fc2769a1b78a27578f13a17b -> 
  custom:video-decoder-webm-vp8: 9c59270c3fd7afecdb556c50c9e8de78 -> 
  custom:SearchIndexIgnoredProperties: e643bd26f0fe6173181afceb89e7c659 -> 
  custom:AudioImporter_EditorPlatform: d09bf68614088b80899f8185d706f6e7 -> 
  custom:video-encoder-webm-vp8: eb34c28f22e8b96e1ab97ce403110664 -> 
  custom:audio-decoder-ogg-vorbis: bf7c407c2cedff20999df2af8eb42d56 -> 
  custom:audio-encoder-webm-vorbis: bf7c407c2cedff20999df2af8eb42d56 -> 
========================================================================
Received Import Request.
  Time since last request: 15741.742300 seconds.
  path: Assets/asset_forta
  artifactKey: Guid(6233a53ce6391474f91af36fe3047872) Importer(815301076,1909f56bfc062723c751e8b465ee728b)
Start importing Assets/asset_forta using Guid(6233a53ce6391474f91af36fe3047872) Importer(815301076,1909f56bfc062723c751e8b465ee728b) [PhysX] Initialized MultithreadedTaskDispatcher with 16 workers.
 -> (artifact id: '23e419aac0f1b2886b556dc326dae230') in 0.002351 seconds
Number of updated asset objects reloaded before import = 0
Number of asset objects unloaded after import = 0
========================================================================
Received Import Request.
  Time since last request: 1.435129 seconds.
  path: Assets/asset_forta/gfx.zip
  artifactKey: Guid(4e030b19befd8f24eaff98488aff0dff) Importer(815301076,1909f56bfc062723c751e8b465ee728b)
Start importing Assets/asset_forta/gfx.zip using Guid(4e030b19befd8f24eaff98488aff0dff) Importer(815301076,1909f56bfc062723c751e8b465ee728b) [PhysX] Initialized MultithreadedTaskDispatcher with 16 workers.
 -> (artifact id: 'e2bd772e501703b4d99d61a7748fc00a') in 0.007890 seconds
Number of updated asset objects reloaded before import = 0
Number of asset objects unloaded after import = 1
========================================================================
Received Import Request.
  Time since last request: 8.810209 seconds.
  path: Assets/asset_forta/Pokemon-Tutorial-Art-Assets-master.zip
  artifactKey: Guid(a5b4a0ddf7c8c164db396223939204f7) Importer(815301076,1909f56bfc062723c751e8b465ee728b)
Start importing Assets/asset_forta/Pokemon-Tutorial-Art-Assets-master.zip using Guid(a5b4a0ddf7c8c164db396223939204f7) Importer(815301076,1909f56bfc062723c751e8b465ee728b) [PhysX] Initialized MultithreadedTaskDispatcher with 16 workers.
 -> (artifact id: '6122b052a74fc3ba04472ed66fd13f3e') in 0.001032 seconds
Number of updated asset objects reloaded before import = 0
Number of asset objects unloaded after import = 1
========================================================================
Received Import Request.
  Time since last request: 2.108050 seconds.
  path: Assets/asset_forta/gfx
  artifactKey: Guid(6f66aaf4b1146934ebf7aeb592f228ad) Importer(815301076,1909f56bfc062723c751e8b465ee728b)
Start importing Assets/asset_forta/gfx using Guid(6f66aaf4b1146934ebf7aeb592f228ad) Importer(815301076,1909f56bfc062723c751e8b465ee728b) [PhysX] Initialized MultithreadedTaskDispatcher with 16 workers.
 -> (artifact id: '93503936b465a63246022368f77ae895') in 0.000526 seconds
Number of updated asset objects reloaded before import = 0
Number of asset objects unloaded after import = 0
========================================================================
Received Import Request.
  Time since last request: 2.983232 seconds.
  path: Assets/asset_forta/gfx/cave.png
  artifactKey: Guid(287c716a4fa566b4dbc46e0963102c86) Importer(815301076,1909f56bfc062723c751e8b465ee728b)
Start importing Assets/asset_forta/gfx/cave.png using Guid(287c716a4fa566b4dbc46e0963102c86) Importer(815301076,1909f56bfc062723c751e8b465ee728b) [PhysX] Initialized MultithreadedTaskDispatcher with 16 workers.
[PhysX] Initialized MultithreadedTaskDispatcher with 16 workers.
 -> (artifact id: '1c846ee25fa4f719cd4478a2b70d30bf') in 0.089128 seconds
Number of updated asset objects reloaded before import = 0
Number of asset objects unloaded after import = 3
========================================================================
Received Import Request.
  Time since last request: 0.000050 seconds.
  path: Assets/asset_forta/gfx/log.png
  artifactKey: Guid(37d543dfc4323154c907f6864e2664bd) Importer(815301076,1909f56bfc062723c751e8b465ee728b)
Start importing Assets/asset_forta/gfx/log.png using Guid(37d543dfc4323154c907f6864e2664bd) Importer(815301076,1909f56bfc062723c751e8b465ee728b) [PhysX] Initialized MultithreadedTaskDispatcher with 16 workers.
[PhysX] Initialized MultithreadedTaskDispatcher with 16 workers.
 -> (artifact id: '7bde892200b1f3ec66a65687ca4b758c') in 0.019222 seconds
Number of updated asset objects reloaded before import = 0
Number of asset objects unloaded after import = 3
========================================================================
Received Import Request.
  Time since last request: 0.000037 seconds.
  path: Assets/asset_forta/gfx/objects.png
  artifactKey: Guid(7603780744309f240bbd039a999fbdf4) Importer(815301076,1909f56bfc062723c751e8b465ee728b)
Start importing Assets/asset_forta/gfx/objects.png using Guid(7603780744309f240bbd039a999fbdf4) Importer(815301076,1909f56bfc062723c751e8b465ee728b) [PhysX] Initialized MultithreadedTaskDispatcher with 16 workers.
[PhysX] Initialized MultithreadedTaskDispatcher with 16 workers.
 -> (artifact id: '516127ae80401a4e953300a3b8007590') in 0.026827 seconds
Number of updated asset objects reloaded before import = 0
Number of asset objects unloaded after import = 3
========================================================================
Received Import Request.
  Time since last request: 0.000025 seconds.
  path: Assets/asset_forta/gfx/NPC_test.png
  artifactKey: Guid(c99e9d4d901c7844bb13bd99ef8908f0) Importer(815301076,1909f56bfc062723c751e8b465ee728b)
Start importing Assets/asset_forta/gfx/NPC_test.png using Guid(c99e9d4d901c7844bb13bd99ef8908f0) Importer(815301076,1909f56bfc062723c751e8b465ee728b) [PhysX] Initialized MultithreadedTaskDispatcher with 16 workers.
[PhysX] Initialized MultithreadedTaskDispatcher with 16 workers.
 -> (artifact id: '5a1cf6815c435f46507b2cf185cb0e65') in 0.023030 seconds
Number of updated asset objects reloaded before import = 0
Number of asset objects unloaded after import = 3
========================================================================
Received Import Request.
  Time since last request: 48.447402 seconds.
  path: Assets/asset_forta/gfx/cave.png
  artifactKey: Guid(287c716a4fa566b4dbc46e0963102c86) Importer(815301076,1909f56bfc062723c751e8b465ee728b)
Start importing Assets/asset_forta/gfx/cave.png using Guid(287c716a4fa566b4dbc46e0963102c86) Importer(815301076,1909f56bfc062723c751e8b465ee728b) [PhysX] Initialized MultithreadedTaskDispatcher with 16 workers.
[PhysX] Initialized MultithreadedTaskDispatcher with 16 workers.
 -> (artifact id: '751c3af3171ac3d513236d0bac30704b') in 0.020621 seconds
Number of updated asset objects reloaded before import = 0
Number of asset objects unloaded after import = 3
========================================================================
Received Import Request.
  Time since last request: 0.000036 seconds.
  path: Assets/asset_forta/gfx/objects.png
  artifactKey: Guid(7603780744309f240bbd039a999fbdf4) Importer(815301076,1909f56bfc062723c751e8b465ee728b)
Start importing Assets/asset_forta/gfx/objects.png using Guid(7603780744309f240bbd039a999fbdf4) Importer(815301076,1909f56bfc062723c751e8b465ee728b) [PhysX] Initialized MultithreadedTaskDispatcher with 16 workers.
[PhysX] Initialized MultithreadedTaskDispatcher with 16 workers.
 -> (artifact id: '351cb326c216edd978e9b4d3356ea3ad') in 0.027511 seconds
Number of updated asset objects reloaded before import = 0
Number of asset objects unloaded after import = 3
========================================================================
Received Import Request.
  Time since last request: 0.000034 seconds.
  path: Assets/asset_forta/gfx/NPC_test.png
  artifactKey: Guid(c99e9d4d901c7844bb13bd99ef8908f0) Importer(815301076,1909f56bfc062723c751e8b465ee728b)
Start importing Assets/asset_forta/gfx/NPC_test.png using Guid(c99e9d4d901c7844bb13bd99ef8908f0) Importer(815301076,1909f56bfc062723c751e8b465ee728b) [PhysX] Initialized MultithreadedTaskDispatcher with 16 workers.
[PhysX] Initialized MultithreadedTaskDispatcher with 16 workers.
 -> (artifact id: 'eaeaf3f3e3d58edbec0dfbc4b019ba67') in 0.018206 seconds
Number of updated asset objects reloaded before import = 0
Number of asset objects unloaded after import = 3
========================================================================
Received Import Request.
  Time since last request: 42.976905 seconds.
  path: Assets/asset_forta/Pokemon-Tutorial-Art-Assets-master/Art/gfx/tileset.png
  artifactKey: Guid(6092738183c668a4d924383acaf9eb5f) Importer(815301076,1909f56bfc062723c751e8b465ee728b)
Start importing Assets/asset_forta/Pokemon-Tutorial-Art-Assets-master/Art/gfx/tileset.png using Guid(6092738183c668a4d924383acaf9eb5f) Importer(815301076,1909f56bfc062723c751e8b465ee728b) [PhysX] Initialized MultithreadedTaskDispatcher with 16 workers.
[PhysX] Initialized MultithreadedTaskDispatcher with 16 workers.
 -> (artifact id: '3db53ce9112e7ea4bf77784eebd82f97') in 0.368803 seconds
Number of updated asset objects reloaded before import = 0
Number of asset objects unloaded after import = 100
========================================================================
Received Import Request.
  Time since last request: 95.005375 seconds.
  path: Assets/asset_forta/Pokemon-Tutorial-Art-Assets-master/Art/gfx/cave.png
  artifactKey: Guid(7a226a989b1bda7439086c5777172e91) Importer(815301076,1909f56bfc062723c751e8b465ee728b)
Start importing Assets/asset_forta/Pokemon-Tutorial-Art-Assets-master/Art/gfx/cave.png using Guid(7a226a989b1bda7439086c5777172e91) Importer(815301076,1909f56bfc062723c751e8b465ee728b) [PhysX] Initialized MultithreadedTaskDispatcher with 16 workers.
[PhysX] Initialized MultithreadedTaskDispatcher with 16 workers.
 -> (artifact id: 'a7ee7f6eb5a9386e656b794ca36d4343') in 0.012093 seconds
Number of updated asset objects reloaded before import = 0
Number of asset objects unloaded after import = 3
========================================================================
Received Import Request.
  Time since last request: 0.001691 seconds.
  path: Assets/asset_forta/Pokemon-Tutorial-Art-Assets-master/Art/gfx/character.png
  artifactKey: Guid(3111f23cd57d2be48b2ee6bac4a23588) Importer(815301076,1909f56bfc062723c751e8b465ee728b)
Start importing Assets/asset_forta/Pokemon-Tutorial-Art-Assets-master/Art/gfx/character.png using Guid(3111f23cd57d2be48b2ee6bac4a23588) Importer(815301076,1909f56bfc062723c751e8b465ee728b) [PhysX] Initialized MultithreadedTaskDispatcher with 16 workers.
[PhysX] Initialized MultithreadedTaskDispatcher with 16 workers.
 -> (artifact id: 'a18904cae0db1904ddce1846d7d2aa48') in 0.334514 seconds
Number of updated asset objects reloaded before import = 0
Number of asset objects unloaded after import = 80
========================================================================
Received Import Request.
  Time since last request: 0.000027 seconds.
  path: Assets/asset_forta/Pokemon-Tutorial-Art-Assets-master/Art/gfx/NPC_test.png
  artifactKey: Guid(233ed2c3c57795e428932b6a36398fec) Importer(815301076,1909f56bfc062723c751e8b465ee728b)
Start importing Assets/asset_forta/Pokemon-Tutorial-Art-Assets-master/Art/gfx/NPC_test.png using Guid(233ed2c3c57795e428932b6a36398fec) Importer(815301076,1909f56bfc062723c751e8b465ee728b) [PhysX] Initialized MultithreadedTaskDispatcher with 16 workers.
[PhysX] Initialized MultithreadedTaskDispatcher with 16 workers.
 -> (artifact id: '61b642e83fc8e6ff938debdc7772c280') in 0.010941 seconds
Number of updated asset objects reloaded before import = 0
Number of asset objects unloaded after import = 3
========================================================================
Received Import Request.
  Time since last request: 0.000035 seconds.
  path: Assets/asset_forta/Pokemon-Tutorial-Art-Assets-master/Art/gfx/surf_sprites.png
  artifactKey: Guid(14ced2238d82c7149b8f5a0481222249) Importer(815301076,1909f56bfc062723c751e8b465ee728b)
Start importing Assets/asset_forta/Pokemon-Tutorial-Art-Assets-master/Art/gfx/surf_sprites.png using Guid(14ced2238d82c7149b8f5a0481222249) Importer(815301076,1909f56bfc062723c751e8b465ee728b) [PhysX] Initialized MultithreadedTaskDispatcher with 16 workers.
[PhysX] Initialized MultithreadedTaskDispatcher with 16 workers.
 -> (artifact id: '79a1b8d067b6d84f51813a15a1fa615b') in 0.018980 seconds
Number of updated asset objects reloaded before import = 0
Number of asset objects unloaded after import = 6
========================================================================
Received Import Request.
  Time since last request: 0.000033 seconds.
  path: Assets/asset_forta/Pokemon-Tutorial-Art-Assets-master/Art/gfx/Inner.png
  artifactKey: Guid(457d1ade8f441be428fdc1c3ed0912ce) Importer(815301076,1909f56bfc062723c751e8b465ee728b)
Start importing Assets/asset_forta/Pokemon-Tutorial-Art-Assets-master/Art/gfx/Inner.png using Guid(457d1ade8f441be428fdc1c3ed0912ce) Importer(815301076,1909f56bfc062723c751e8b465ee728b) [PhysX] Initialized MultithreadedTaskDispatcher with 16 workers.
[PhysX] Initialized MultithreadedTaskDispatcher with 16 workers.
 -> (artifact id: '9e743df94bee7dfa566d8865f7ebd0c8') in 0.012202 seconds
Number of updated asset objects reloaded before import = 0
Number of asset objects unloaded after import = 3
========================================================================
Received Import Request.
  Time since last request: 0.000035 seconds.
  path: Assets/asset_forta/Pokemon-Tutorial-Art-Assets-master/Art/gfx/objects.png
  artifactKey: Guid(3ae12697ae504414bbf0797ea36dfddd) Importer(815301076,1909f56bfc062723c751e8b465ee728b)
Start importing Assets/asset_forta/Pokemon-Tutorial-Art-Assets-master/Art/gfx/objects.png using Guid(3ae12697ae504414bbf0797ea36dfddd) Importer(815301076,1909f56bfc062723c751e8b465ee728b) [PhysX] Initialized MultithreadedTaskDispatcher with 16 workers.
[PhysX] Initialized MultithreadedTaskDispatcher with 16 workers.
 -> (artifact id: '8cc56ae712c3dc91104824f657b77cf7') in 0.012866 seconds
Number of updated asset objects reloaded before import = 0
Number of asset objects unloaded after import = 3
========================================================================
Received Import Request.
  Time since last request: 0.000204 seconds.
  path: Assets/asset_forta/Pokemon-Tutorial-Art-Assets-master/Art/gfx/log.png
  artifactKey: Guid(ab399fa9a0252ec498e8d09938b87b2f) Importer(815301076,1909f56bfc062723c751e8b465ee728b)
Start importing Assets/asset_forta/Pokemon-Tutorial-Art-Assets-master/Art/gfx/log.png using Guid(ab399fa9a0252ec498e8d09938b87b2f) Importer(815301076,1909f56bfc062723c751e8b465ee728b) [PhysX] Initialized MultithreadedTaskDispatcher with 16 workers.
[PhysX] Initialized MultithreadedTaskDispatcher with 16 workers.
 -> (artifact id: 'a284123703be6e2058fa41bb604273c8') in 0.013671 seconds
Number of updated asset objects reloaded before import = 0
Number of asset objects unloaded after import = 3
========================================================================
Received Import Request.
  Time since last request: 0.000031 seconds.
  path: Assets/asset_forta/Pokemon-Tutorial-Art-Assets-master/Art/gfx/water_tile.png
  artifactKey: Guid(2123412d65b484f4ba18dc762cf417da) Importer(815301076,1909f56bfc062723c751e8b465ee728b)
Start importing Assets/asset_forta/Pokemon-Tutorial-Art-Assets-master/Art/gfx/water_tile.png using Guid(2123412d65b484f4ba18dc762cf417da) Importer(815301076,1909f56bfc062723c751e8b465ee728b) [PhysX] Initialized MultithreadedTaskDispatcher with 16 workers.
[PhysX] Initialized MultithreadedTaskDispatcher with 16 workers.
 -> (artifact id: 'b53a7045cd4176a8ff4f1b6bbce2f5c2') in 0.043015 seconds
Number of updated asset objects reloaded before import = 0
Number of asset objects unloaded after import = 11
========================================================================
Received Import Request.
  Time since last request: 0.000029 seconds.
  path: Assets/asset_forta/Pokemon-Tutorial-Art-Assets-master/Art/gfx/cuttable tree.png
  artifactKey: Guid(5b4e51a373d4f8843878b2f255cae57b) Importer(815301076,1909f56bfc062723c751e8b465ee728b)
Start importing Assets/asset_forta/Pokemon-Tutorial-Art-Assets-master/Art/gfx/cuttable tree.png using Guid(5b4e51a373d4f8843878b2f255cae57b) Importer(815301076,1909f56bfc062723c751e8b465ee728b) [PhysX] Initialized MultithreadedTaskDispatcher with 16 workers.
[PhysX] Initialized MultithreadedTaskDispatcher with 16 workers.
 -> (artifact id: '45d6172bce7601d47ba492a077ea446b') in 0.014824 seconds
Number of updated asset objects reloaded before import = 0
Number of asset objects unloaded after import = 3
Editor requested this worker to shutdown with reason: Scaling down because of idle timeout
TcpMessagingSession - receive error: operation aborted. errorcode: 995, details: The I/O operation has been aborted because of either a thread exit or an application request.
AssetImportWorker is now disconnected from the server
Process exiting
Exiting without the bug reporter. Application will terminate with return code 0