Using pre-set license
Built from '2022.3/respin/2022.3.62f2-4af31df585-v2' branch; Version is '2022.3.62f2 (7670c08855a9) revision 7762112'; Using compiler version '192829333'; Build Type 'Release'
OS: 'Windows 10  (10.0.19045) 64bit Professional' Language: 'en' Physical Memory: 32175 MB
BatchMode: 1, IsHumanControllingUs: 0, StartBugReporterOnCrash: 0, Is64bit: 1, IsPro: 1

COMMAND LINE ARGUMENTS:
D:\Unity\2022.3.62f2\Editor\Unity.exe
-adb2
-batchMode
-noUpm
-name
AssetImportWorker4
-projectPath
D:/githubbb/CTIJ
-logFile
Logs/AssetImportWorker4.log
-srvPort
52764
Successfully changed project path to: D:/githubbb/CTIJ
D:/githubbb/CTIJ
[UnityMemory] Configuration Parameters - Can be set up in boot.config
    "memorysetup-bucket-allocator-granularity=16"
    "memorysetup-bucket-allocator-bucket-count=8"
    "memorysetup-bucket-allocator-block-size=33554432"
    "memorysetup-bucket-allocator-block-count=8"
    "memorysetup-main-allocator-block-size=16777216"
    "memorysetup-thread-allocator-block-size=16777216"
    "memorysetup-gfx-main-allocator-block-size=16777216"
    "memorysetup-gfx-thread-allocator-block-size=16777216"
    "memorysetup-cache-allocator-block-size=4194304"
    "memorysetup-typetree-allocator-block-size=2097152"
    "memorysetup-profiler-bucket-allocator-granularity=16"
    "memorysetup-profiler-bucket-allocator-bucket-count=8"
    "memorysetup-profiler-bucket-allocator-block-size=33554432"
    "memorysetup-profiler-bucket-allocator-block-count=8"
    "memorysetup-profiler-allocator-block-size=16777216"
    "memorysetup-profiler-editor-allocator-block-size=1048576"
    "memorysetup-temp-allocator-size-main=16777216"
    "memorysetup-job-temp-allocator-block-size=2097152"
    "memorysetup-job-temp-allocator-block-size-background=1048576"
    "memorysetup-job-temp-allocator-reduction-small-platforms=262144"
    "memorysetup-allocator-temp-initial-block-size-main=262144"
    "memorysetup-allocator-temp-initial-block-size-worker=262144"
    "memorysetup-temp-allocator-size-background-worker=32768"
    "memorysetup-temp-allocator-size-job-worker=262144"
    "memorysetup-temp-allocator-size-preload-manager=33554432"
    "memorysetup-temp-allocator-size-nav-mesh-worker=65536"
    "memorysetup-temp-allocator-size-audio-worker=65536"
    "memorysetup-temp-allocator-size-cloud-worker=32768"
    "memorysetup-temp-allocator-size-gi-baking-worker=262144"
    "memorysetup-temp-allocator-size-gfx=262144"
Player connection [26368]  Target information:

Player connection [26368]  * "[IP] 192.168.56.1 [Port] 0 [Flags] 2 [Guid] 416691810 [EditorId] 416691810 [Version] 1048832 [Id] WindowsEditor(7,DESKTOP-J6N3FMM) [Debug] 1 [PackageName] WindowsEditor [ProjectName] Editor" 

Player connection [26368]  * "[IP] 192.168.153.1 [Port] 0 [Flags] 2 [Guid] 416691810 [EditorId] 416691810 [Version] 1048832 [Id] WindowsEditor(7,DESKTOP-J6N3FMM) [Debug] 1 [PackageName] WindowsEditor [ProjectName] Editor" 

Player connection [26368]  * "[IP] 192.168.243.1 [Port] 0 [Flags] 2 [Guid] 416691810 [EditorId] 416691810 [Version] 1048832 [Id] WindowsEditor(7,DESKTOP-J6N3FMM) [Debug] 1 [PackageName] WindowsEditor [ProjectName] Editor" 

Player connection [26368]  * "[IP] 172.20.10.3 [Port] 0 [Flags] 2 [Guid] 416691810 [EditorId] 416691810 [Version] 1048832 [Id] WindowsEditor(7,DESKTOP-J6N3FMM) [Debug] 1 [PackageName] WindowsEditor [ProjectName] Editor" 

Player connection [26368] Host joined multi-casting on [225.0.0.222:54997]...
Player connection [26368] Host joined alternative multi-casting on [225.0.0.222:34997]...
Input System module state changed to: Initialized.
[PhysX] Initialized MultithreadedTaskDispatcher with 16 workers.
Refreshing native plugins compatible for Editor in 21.06 ms, found 4 plugins.
Preloading 0 native plugins for Editor in 0.00 ms.
Initialize engine version: 2022.3.62f2 (7670c08855a9)
[Subsystems] Discovering subsystems at path D:/Unity/2022.3.62f2/Editor/Data/Resources/UnitySubsystems
[Subsystems] Discovering subsystems at path D:/githubbb/CTIJ/Assets
GfxDevice: creating device client; threaded=0; jobified=0
Direct3D:
    Version:  Direct3D 11.0 [level 11.1]
    Renderer: NVIDIA GeForce RTX 3050 Laptop GPU (ID=0x25a2)
    Vendor:   NVIDIA
    VRAM:     3964 MB
    Driver:   32.0.15.8180
Initialize mono
Mono path[0] = 'D:/Unity/2022.3.62f2/Editor/Data/Managed'
Mono path[1] = 'D:/Unity/2022.3.62f2/Editor/Data/MonoBleedingEdge/lib/mono/unityjit-win32'
Mono config path = 'D:/Unity/2022.3.62f2/Editor/Data/MonoBleedingEdge/etc'
Using monoOptions --debugger-agent=transport=dt_socket,embedding=1,server=y,suspend=n,address=127.0.0.1:56728
Begin MonoManager ReloadAssembly
Registering precompiled unity dll's ...
Register platform support module: D:/Unity/2022.3.62f2/Editor/Data/PlaybackEngines/WindowsStandaloneSupport/UnityEditor.WindowsStandalone.Extensions.dll
Registered in 0.006252 seconds.
- Loaded All Assemblies, in  0.420 seconds
Native extension for WindowsStandalone target not found
Mono: successfully reloaded assembly
- Finished resetting the current domain, in  0.323 seconds
Domain Reload Profiling: 744ms
	BeginReloadAssembly (155ms)
		ExecutionOrderSort (0ms)
		DisableScriptedObjects (0ms)
		BackupInstance (0ms)
		ReleaseScriptingObjects (0ms)
		CreateAndSetChildDomain (1ms)
	RebuildCommonClasses (39ms)
	RebuildNativeTypeToScriptingClass (11ms)
	initialDomainReloadingComplete (59ms)
	LoadAllAssembliesAndSetupDomain (156ms)
		LoadAssemblies (155ms)
		RebuildTransferFunctionScriptingTraits (0ms)
		AnalyzeDomain (154ms)
			TypeCache.Refresh (152ms)
				TypeCache.ScanAssembly (138ms)
			ScanForSourceGeneratedMonoScriptInfo (0ms)
			ResolveRequiredComponents (0ms)
	FinalizeReload (324ms)
		ReleaseScriptCaches (0ms)
		RebuildScriptCaches (0ms)
		SetupLoadedEditorAssemblies (271ms)
			LogAssemblyErrors (0ms)
			InitializePlatformSupportModulesInManaged (10ms)
			SetLoadedEditorAssemblies (9ms)
			RefreshPlugins (0ms)
			BeforeProcessingInitializeOnLoad (3ms)
			ProcessInitializeOnLoadAttributes (190ms)
			ProcessInitializeOnLoadMethodAttributes (58ms)
			AfterProcessingInitializeOnLoad (0ms)
			EditorAssembliesLoaded (0ms)
		ExecutionOrderSort2 (0ms)
		AwakeInstancesAfterBackupRestoration (0ms)
========================================================================
Worker process is ready to serve import requests
Caller must complete domain reload
Begin MonoManager ReloadAssembly
- Loaded All Assemblies, in  0.643 seconds
Native extension for WindowsStandalone target not found
Mono: successfully reloaded assembly
- Finished resetting the current domain, in  0.741 seconds
Domain Reload Profiling: 1384ms
	BeginReloadAssembly (171ms)
		ExecutionOrderSort (0ms)
		DisableScriptedObjects (5ms)
		BackupInstance (0ms)
		ReleaseScriptingObjects (0ms)
		CreateAndSetChildDomain (22ms)
	RebuildCommonClasses (34ms)
	RebuildNativeTypeToScriptingClass (10ms)
	initialDomainReloadingComplete (38ms)
	LoadAllAssembliesAndSetupDomain (388ms)
		LoadAssemblies (337ms)
		RebuildTransferFunctionScriptingTraits (0ms)
		AnalyzeDomain (164ms)
			TypeCache.Refresh (137ms)
				TypeCache.ScanAssembly (125ms)
			ScanForSourceGeneratedMonoScriptInfo (21ms)
			ResolveRequiredComponents (5ms)
	FinalizeReload (742ms)
		ReleaseScriptCaches (0ms)
		RebuildScriptCaches (0ms)
		SetupLoadedEditorAssemblies (593ms)
			LogAssemblyErrors (0ms)
			InitializePlatformSupportModulesInManaged (5ms)
			SetLoadedEditorAssemblies (4ms)
			RefreshPlugins (0ms)
			BeforeProcessingInitializeOnLoad (60ms)
			ProcessInitializeOnLoadAttributes (487ms)
			ProcessInitializeOnLoadMethodAttributes (35ms)
			AfterProcessingInitializeOnLoad (2ms)
			EditorAssembliesLoaded (0ms)
		ExecutionOrderSort2 (0ms)
		AwakeInstancesAfterBackupRestoration (8ms)
Launched and connected shader compiler UnityShaderCompiler.exe after 0.07 seconds
Refreshing native plugins compatible for Editor in 6.03 ms, found 4 plugins.
Preloading 0 native plugins for Editor in 0.00 ms.
Unloading 4105 Unused Serialized files (Serialized files now loaded: 0)
Unloading 38 unused Assets / (241.6 KB). Loaded Objects now: 4569.
Memory consumption went from 141.7 MB to 141.4 MB.
Total: 3.720700 ms (FindLiveObjects: 0.326800 ms CreateObjectMapping: 0.105900 ms MarkObjects: 3.070100 ms  DeleteObjects: 0.216600 ms)

AssetImportParameters requested are different than current active one (requested -> active):
  custom:container-demuxer-ogg: 62fdf1f143b41e24485cea50d1cbac27 -> 
  custom:video-decoder-ogg-theora: a1e56fd34408186e4bbccfd4996cb3dc -> 
  custom:framework-win-MediaFoundation: 216162199b28c13a410421893ffa2e32 -> 
  custom:CustomObjectIndexerAttribute: 9a22284fe3817be447336de3de66b15e -> 
  custom:container-demuxer-webm: 4f35f7cbe854078d1ac9338744f61a02 -> 
  custom:container-muxer-webm: aa71ff27fc2769a1b78a27578f13a17b -> 
  custom:video-decoder-webm-vp8: 9c59270c3fd7afecdb556c50c9e8de78 -> 
  custom:SearchIndexIgnoredProperties: e643bd26f0fe6173181afceb89e7c659 -> 
  custom:AudioImporter_EditorPlatform: d09bf68614088b80899f8185d706f6e7 -> 
  custom:video-encoder-webm-vp8: eb34c28f22e8b96e1ab97ce403110664 -> 
  custom:audio-decoder-ogg-vorbis: bf7c407c2cedff20999df2af8eb42d56 -> 
  custom:audio-encoder-webm-vorbis: bf7c407c2cedff20999df2af8eb42d56 -> 
========================================================================
Received Import Request.
  Time since last request: 15952.559037 seconds.
  path: Assets/asset_forta/Pokemon-Tutorial-Art-Assets-master/Art/gfx/basic_colors 1.png
  artifactKey: Guid(aa96f2c63b12b7d4185b97aa7d91f7f9) Importer(815301076,1909f56bfc062723c751e8b465ee728b)
Start importing Assets/asset_forta/Pokemon-Tutorial-Art-Assets-master/Art/gfx/basic_colors 1.png using Guid(aa96f2c63b12b7d4185b97aa7d91f7f9) Importer(815301076,1909f56bfc062723c751e8b465ee728b) [PhysX] Initialized MultithreadedTaskDispatcher with 16 workers.
[PhysX] Initialized MultithreadedTaskDispatcher with 16 workers.
 -> (artifact id: '1fa2e01fac508185a4bd9d1fdc058cbb') in 0.084626 seconds
Number of updated asset objects reloaded before import = 0
Number of asset objects unloaded after import = 3
========================================================================
Received Import Request.
  Time since last request: 198.451920 seconds.
  path: Assets/asset_forta/Pokemon-Tutorial-Art-Assets-master/Art/gfx/Background.prefab
  artifactKey: Guid(059f1846d4e31d04582b6113b195951a) Importer(815301076,1909f56bfc062723c751e8b465ee728b)
Start importing Assets/asset_forta/Pokemon-Tutorial-Art-Assets-master/Art/gfx/Background.prefab using Guid(059f1846d4e31d04582b6113b195951a) Importer(815301076,1909f56bfc062723c751e8b465ee728b) [PhysX] Initialized MultithreadedTaskDispatcher with 16 workers.
[PhysX] Initialized MultithreadedTaskDispatcher with 16 workers.
 -> (artifact id: 'df6bfb6c05a54cba9f4b69b8fc41e71d') in 0.037783 seconds
Number of updated asset objects reloaded before import = 0
Number of asset objects unloaded after import = 10
========================================================================
Received Import Request.
  Time since last request: 23.860848 seconds.
  path: Assets/asset_forta/Pokemon-Tutorial-Art-Assets-master/Art/gfx/Background.prefab
  artifactKey: Guid(059f1846d4e31d04582b6113b195951a) Importer(815301076,1909f56bfc062723c751e8b465ee728b)
Start importing Assets/asset_forta/Pokemon-Tutorial-Art-Assets-master/Art/gfx/Background.prefab using Guid(059f1846d4e31d04582b6113b195951a) Importer(815301076,1909f56bfc062723c751e8b465ee728b) [PhysX] Initialized MultithreadedTaskDispatcher with 16 workers.
[PhysX] Initialized MultithreadedTaskDispatcher with 16 workers.
 -> (artifact id: '1cd83d415fb6af2e6537b90163953136') in 0.093726 seconds
Number of updated asset objects reloaded before import = 0
Number of asset objects unloaded after import = 207
========================================================================
Received Import Request.
  Time since last request: 0.000054 seconds.
  path: Assets/asset_forta/Pokemon-Tutorial-Art-Assets-master/Art/gfx/tileset_5.asset
  artifactKey: Guid(e3f230d5f65dc1c4cac175e5d6f39c5d) Importer(815301076,1909f56bfc062723c751e8b465ee728b)
Start importing Assets/asset_forta/Pokemon-Tutorial-Art-Assets-master/Art/gfx/tileset_5.asset using Guid(e3f230d5f65dc1c4cac175e5d6f39c5d) Importer(815301076,1909f56bfc062723c751e8b465ee728b) [PhysX] Initialized MultithreadedTaskDispatcher with 16 workers.
 -> (artifact id: '13f0124c35fa62b2264eed607371d9e1') in 0.015758 seconds
Number of updated asset objects reloaded before import = 0
Number of asset objects unloaded after import = 3
========================================================================
Received Import Request.
  Time since last request: 0.000032 seconds.
  path: Assets/asset_forta/Pokemon-Tutorial-Art-Assets-master/Art/gfx/tileset_6.asset
  artifactKey: Guid(92578b54915241b4997d96d60953cb33) Importer(815301076,1909f56bfc062723c751e8b465ee728b)
Start importing Assets/asset_forta/Pokemon-Tutorial-Art-Assets-master/Art/gfx/tileset_6.asset using Guid(92578b54915241b4997d96d60953cb33) Importer(815301076,1909f56bfc062723c751e8b465ee728b) [PhysX] Initialized MultithreadedTaskDispatcher with 16 workers.
 -> (artifact id: '83bfbea72fa3e0b9021ee6bd8e9d15cb') in 0.012475 seconds
Number of updated asset objects reloaded before import = 0
Number of asset objects unloaded after import = 3
========================================================================
Received Import Request.
  Time since last request: 0.000035 seconds.
  path: Assets/asset_forta/Pokemon-Tutorial-Art-Assets-master/Art/gfx/tileset_17.asset
  artifactKey: Guid(ab2d3d768faedae4e901e2e6c82e12e2) Importer(815301076,1909f56bfc062723c751e8b465ee728b)
Start importing Assets/asset_forta/Pokemon-Tutorial-Art-Assets-master/Art/gfx/tileset_17.asset using Guid(ab2d3d768faedae4e901e2e6c82e12e2) Importer(815301076,1909f56bfc062723c751e8b465ee728b) [PhysX] Initialized MultithreadedTaskDispatcher with 16 workers.
 -> (artifact id: '28751b2f01a53f20e78eb0fdb113f9c0') in 0.012055 seconds
Number of updated asset objects reloaded before import = 0
Number of asset objects unloaded after import = 3
========================================================================
Received Import Request.
  Time since last request: 0.000023 seconds.
  path: Assets/asset_forta/Pokemon-Tutorial-Art-Assets-master/Art/gfx/tileset_15.asset
  artifactKey: Guid(4fc63aa076507544086f0b89b0524996) Importer(815301076,1909f56bfc062723c751e8b465ee728b)
Start importing Assets/asset_forta/Pokemon-Tutorial-Art-Assets-master/Art/gfx/tileset_15.asset using Guid(4fc63aa076507544086f0b89b0524996) Importer(815301076,1909f56bfc062723c751e8b465ee728b) [PhysX] Initialized MultithreadedTaskDispatcher with 16 workers.
 -> (artifact id: 'c86ebe756a4f6a34c8ae2aef82f301f6') in 0.009589 seconds
Number of updated asset objects reloaded before import = 0
Number of asset objects unloaded after import = 3
========================================================================
Received Import Request.
  Time since last request: 0.000047 seconds.
  path: Assets/asset_forta/Pokemon-Tutorial-Art-Assets-master/Art/gfx/tileset_1.asset
  artifactKey: Guid(e50774b4431f999419cc415cc6d66729) Importer(815301076,1909f56bfc062723c751e8b465ee728b)
Start importing Assets/asset_forta/Pokemon-Tutorial-Art-Assets-master/Art/gfx/tileset_1.asset using Guid(e50774b4431f999419cc415cc6d66729) Importer(815301076,1909f56bfc062723c751e8b465ee728b) [PhysX] Initialized MultithreadedTaskDispatcher with 16 workers.
 -> (artifact id: '7ae62ffd6f203f3111ee913d4ef65796') in 0.013565 seconds
Number of updated asset objects reloaded before import = 0
Number of asset objects unloaded after import = 3
========================================================================
Received Import Request.
  Time since last request: 0.000024 seconds.
  path: Assets/asset_forta/Pokemon-Tutorial-Art-Assets-master/Art/gfx/tileset_11.asset
  artifactKey: Guid(14d930ab355d5b343b31765d35ec8aa7) Importer(815301076,1909f56bfc062723c751e8b465ee728b)
Start importing Assets/asset_forta/Pokemon-Tutorial-Art-Assets-master/Art/gfx/tileset_11.asset using Guid(14d930ab355d5b343b31765d35ec8aa7) Importer(815301076,1909f56bfc062723c751e8b465ee728b) [PhysX] Initialized MultithreadedTaskDispatcher with 16 workers.
 -> (artifact id: '82e4b09a705663654f7478703b6c8c58') in 0.012502 seconds
Number of updated asset objects reloaded before import = 0
Number of asset objects unloaded after import = 3
========================================================================
Received Import Request.
  Time since last request: 0.000027 seconds.
  path: Assets/asset_forta/Pokemon-Tutorial-Art-Assets-master/Art/gfx/tileset_21.asset
  artifactKey: Guid(a8f1b03ab73db77448279c0bad07d2c3) Importer(815301076,1909f56bfc062723c751e8b465ee728b)
Start importing Assets/asset_forta/Pokemon-Tutorial-Art-Assets-master/Art/gfx/tileset_21.asset using Guid(a8f1b03ab73db77448279c0bad07d2c3) Importer(815301076,1909f56bfc062723c751e8b465ee728b) [PhysX] Initialized MultithreadedTaskDispatcher with 16 workers.
 -> (artifact id: 'b262ccb8d373ab49cefdde0774ec0a45') in 0.014153 seconds
Number of updated asset objects reloaded before import = 0
Number of asset objects unloaded after import = 3
========================================================================
Received Import Request.
  Time since last request: 0.000059 seconds.
  path: Assets/asset_forta/Pokemon-Tutorial-Art-Assets-master/Art/gfx/tileset_13.asset
  artifactKey: Guid(a7949af32171b5b48b4f56e25adce314) Importer(815301076,1909f56bfc062723c751e8b465ee728b)
Start importing Assets/asset_forta/Pokemon-Tutorial-Art-Assets-master/Art/gfx/tileset_13.asset using Guid(a7949af32171b5b48b4f56e25adce314) Importer(815301076,1909f56bfc062723c751e8b465ee728b) [PhysX] Initialized MultithreadedTaskDispatcher with 16 workers.
 -> (artifact id: '41dc70b7b3f378db1e2c85741fb31ec9') in 0.013578 seconds
Number of updated asset objects reloaded before import = 0
Number of asset objects unloaded after import = 3
Editor requested this worker to shutdown with reason: Scaling down because of idle timeout
TcpMessagingSession - receive error: operation aborted. errorcode: 995, details: The I/O operation has been aborted because of either a thread exit or an application request.
AssetImportWorker is now disconnected from the server
Process exiting
Exiting without the bug reporter. Application will terminate with return code 0